<?xml version="1.0" encoding="UTF-8"?>
<!-- Generated by org.testng.reporters.JUnitXMLReporter -->
<testsuite ignored="0" hostname="LAPTOP-3PS26KQU" failures="1" tests="3" name="XYZ Bank and Swag Test Applications" time="2.127" errors="0" timestamp="2023-04-05T15:37:21 IST">
  <testcase classname="com.quest.care.FirstTC" name="@AfterMethod tearDown" time="0.006">
    <failure type="java.lang.NullPointerException" message="Cannot invoke &amp;quot;org.openqa.selenium.TakesScreenshot.getScreenshotAs(org.openqa.selenium.OutputType)&amp;quot; because &amp;quot;ss&amp;quot; is null">
      <![CDATA[java.lang.NullPointerException: Cannot invoke "org.openqa.selenium.TakesScreenshot.getScreenshotAs(org.openqa.selenium.OutputType)" because "ss" is null
at com.quest.care.FirstTC.getscreenshot(FirstTC.java:66)
at com.quest.care.FirstTC.tearDown(FirstTC.java:202)
at java.base/java.util.ArrayList.forEach(ArrayList.java:1511)
... Removed 32 stack frames]]>
    </failure>
  </testcase> <!-- @AfterMethod tearDown -->
  <testcase classname="com.quest.care.FirstTC" name="@AfterMethod tearDown" time="-1.680689241024E9">
    <skipped/>
  </testcase> <!-- @AfterMethod tearDown -->
  <testcase classname="com.quest.care.FirstTC" name="@AfterMethod tearDown" time="-1.680689241028E9">
    <skipped/>
  </testcase> <!-- @AfterMethod tearDown -->
  <testcase classname="com.quest.care.FirstTC" name="@AfterTest endreport" time="-1.680689241031E9">
    <skipped/>
  </testcase> <!-- @AfterTest endreport -->
  <testcase classname="com.quest.care.FirstTC" name="addnewcustomer" time="1.69">
    <failure type="org.openqa.selenium.SessionNotCreatedException" message="session not created: This version of ChromeDriver only supports Chrome version 108
Current browser version is 111.0.5563.147 with binary path C:\Program Files\Google\Chrome\Application\chrome.exe
Build info: version: &amp;apos;3.141.0&amp;apos;, revision: &amp;apos;2ecb7d9a&amp;apos;, time: &amp;apos;2018-10-31T20:09:30&amp;apos;
System info: host: &amp;apos;LAPTOP-3PS26KQU&amp;apos;, ip: &amp;apos;169.254.156.144&amp;apos;, os.name: &amp;apos;Windows 11&amp;apos;, os.arch: &amp;apos;amd64&amp;apos;, os.version: &amp;apos;10.0&amp;apos;, java.version: &amp;apos;17.0.2&amp;apos;
Driver info: driver.version: ChromeDriver
remote stacktrace: Backtrace:
	(No symbol) [0x0119F243]
	(No symbol) [0x01127FD1]
	(No symbol) [0x0101D04D]
	(No symbol) [0x0103F6B4]
	(No symbol) [0x0103A97C]
	(No symbol) [0x010382E9]
	(No symbol) [0x0106F056]
	(No symbol) [0x0106EB2A]
	(No symbol) [0x01068386]
	(No symbol) [0x0104163C]
	(No symbol) [0x0104269D]
	GetHandleVerifier [0x01439A22+2655074]
	GetHandleVerifier [0x0142CA24+2601828]
	GetHandleVerifier [0x01248C0A+619850]
	GetHandleVerifier [0x01247830+614768]
	(No symbol) [0x011305FC]
	(No symbol) [0x01135968]
	(No symbol) [0x01135A55]
	(No symbol) [0x0114051B]
	BaseThreadInitThunk [0x762F7D69+25]
	RtlInitializeExceptionChain [0x7713B74B+107]
	RtlClearBits [0x7713B6CF+191]
">
      <![CDATA[org.openqa.selenium.SessionNotCreatedException: session not created: This version of ChromeDriver only supports Chrome version 108
Current browser version is 111.0.5563.147 with binary path C:\Program Files\Google\Chrome\Application\chrome.exe
Build info: version: '3.141.0', revision: '2ecb7d9a', time: '2018-10-31T20:09:30'
System info: host: 'LAPTOP-3PS26KQU', ip: '169.254.156.144', os.name: 'Windows 11', os.arch: 'amd64', os.version: '10.0', java.version: '17.0.2'
Driver info: driver.version: ChromeDriver
remote stacktrace: Backtrace:
(No symbol) [0x0119F243]
(No symbol) [0x01127FD1]
(No symbol) [0x0101D04D]
(No symbol) [0x0103F6B4]
(No symbol) [0x0103A97C]
(No symbol) [0x010382E9]
(No symbol) [0x0106F056]
(No symbol) [0x0106EB2A]
(No symbol) [0x01068386]
(No symbol) [0x0104163C]
(No symbol) [0x0104269D]
GetHandleVerifier [0x01439A22+2655074]
GetHandleVerifier [0x0142CA24+2601828]
GetHandleVerifier [0x01248C0A+619850]
GetHandleVerifier [0x01247830+614768]
(No symbol) [0x011305FC]
(No symbol) [0x01135968]
(No symbol) [0x01135A55]
(No symbol) [0x0114051B]
BaseThreadInitThunk [0x762F7D69+25]
RtlInitializeExceptionChain [0x7713B74B+107]
RtlClearBits [0x7713B6CF+191]

at org.openqa.selenium.remote.W3CHandshakeResponse.lambda$errorHandler$0(W3CHandshakeResponse.java:62)
at org.openqa.selenium.remote.HandshakeResponse.lambda$getResponseFunction$0(HandshakeResponse.java:30)
at org.openqa.selenium.remote.ProtocolHandshake.lambda$createSession$0(ProtocolHandshake.java:123)
at java.base/java.util.stream.ReferencePipeline$3$1.accept(ReferencePipeline.java:197)
at java.base/java.util.Spliterators$ArraySpliterator.tryAdvance(Spliterators.java:1002)
at java.base/java.util.stream.ReferencePipeline.forEachWithCancel(ReferencePipeline.java:129)
at java.base/java.util.stream.AbstractPipeline.copyIntoWithCancel(AbstractPipeline.java:527)
at java.base/java.util.stream.AbstractPipeline.copyInto(AbstractPipeline.java:513)
at java.base/java.util.stream.AbstractPipeline.wrapAndCopyInto(AbstractPipeline.java:499)
at java.base/java.util.stream.FindOps$FindOp.evaluateSequential(FindOps.java:150)
at java.base/java.util.stream.AbstractPipeline.evaluate(AbstractPipeline.java:234)
at java.base/java.util.stream.ReferencePipeline.findFirst(ReferencePipeline.java:647)
at org.openqa.selenium.remote.ProtocolHandshake.createSession(ProtocolHandshake.java:125)
at org.openqa.selenium.remote.ProtocolHandshake.createSession(ProtocolHandshake.java:74)
at org.openqa.selenium.remote.HttpCommandExecutor.execute(HttpCommandExecutor.java:136)
at org.openqa.selenium.remote.service.DriverCommandExecutor.execute(DriverCommandExecutor.java:83)
at org.openqa.selenium.remote.RemoteWebDriver.execute(RemoteWebDriver.java:552)
at org.openqa.selenium.remote.RemoteWebDriver.startSession(RemoteWebDriver.java:213)
at org.openqa.selenium.remote.RemoteWebDriver.<init>(RemoteWebDriver.java:131)
at org.openqa.selenium.chrome.ChromeDriver.<init>(ChromeDriver.java:181)
at org.openqa.selenium.chrome.ChromeDriver.<init>(ChromeDriver.java:168)
at org.openqa.selenium.chrome.ChromeDriver.<init>(ChromeDriver.java:123)
at com.quest.health.BrowserSetUp.getWebDriver(BrowserSetUp.java:24)
at com.quest.health.TestBase.initialization(TestBase.java:47)
at com.quest.care.FirstTC.addnewcustomer(FirstTC.java:107)
at java.base/java.util.ArrayList.forEach(ArrayList.java:1511)
... Removed 32 stack frames]]>
    </failure>
  </testcase> <!-- addnewcustomer -->
  <testcase classname="com.quest.care.FirstTC" name="banktranscation" time="0.0">
    <skipped/>
  </testcase> <!-- banktranscation -->
  <testcase classname="com.quest.care.FirstTC" name="deletecustomer" time="0.0">
    <skipped/>
  </testcase> <!-- deletecustomer -->
</testsuite> <!-- XYZ Bank and Swag Test Applications -->
